mode: atomic
github.com/ElectricCookie/go-waechter/waechter-main.go:30.52,32.2 1 41
github.com/ElectricCookie/go-waechter/waechter-main.go:34.58,36.2 1 10
github.com/ElectricCookie/go-waechter/waechter-main.go:38.55,40.2 1 10
github.com/ElectricCookie/go-waechter/waechter-main.go:43.133,56.2 2 12
github.com/ElectricCookie/go-waechter/waechter-utils.go:10.49,14.16 3 31
github.com/ElectricCookie/go-waechter/waechter-utils.go:18.2,18.15 1 31
github.com/ElectricCookie/go-waechter/waechter-utils.go:14.16,16.3 1 0
github.com/ElectricCookie/go-waechter/waechter-utils.go:21.46,23.16 2 31
github.com/ElectricCookie/go-waechter/waechter-utils.go:26.2,26.45 1 31
github.com/ElectricCookie/go-waechter/waechter-utils.go:23.16,24.13 1 0
github.com/ElectricCookie/go-waechter/waechter-utils.go:29.45,31.16 2 30
github.com/ElectricCookie/go-waechter/waechter-utils.go:34.2,34.45 1 30
github.com/ElectricCookie/go-waechter/waechter-utils.go:31.16,32.13 1 0
github.com/ElectricCookie/go-waechter/user-register.go:20.81,24.12 2 14
github.com/ElectricCookie/go-waechter/user-register.go:28.2,30.16 2 12
github.com/ElectricCookie/go-waechter/user-register.go:40.2,42.16 2 11
github.com/ElectricCookie/go-waechter/user-register.go:51.2,78.20 7 10
github.com/ElectricCookie/go-waechter/user-register.go:82.2,86.21 3 10
github.com/ElectricCookie/go-waechter/user-register.go:90.2,90.32 1 10
github.com/ElectricCookie/go-waechter/user-register.go:24.12,26.3 1 2
github.com/ElectricCookie/go-waechter/user-register.go:30.16,36.3 1 1
github.com/ElectricCookie/go-waechter/user-register.go:42.16,47.3 1 1
github.com/ElectricCookie/go-waechter/user-register.go:78.20,80.3 1 0
github.com/ElectricCookie/go-waechter/user-register.go:86.21,88.3 1 0
github.com/ElectricCookie/go-waechter/db-mongo.go:17.63,23.16 3 12
github.com/ElectricCookie/go-waechter/db-mongo.go:27.2,29.11 2 12
github.com/ElectricCookie/go-waechter/db-mongo.go:23.16,25.3 1 0
github.com/ElectricCookie/go-waechter/db-mongo.go:33.74,41.16 3 11
github.com/ElectricCookie/go-waechter/db-mongo.go:45.2,45.19 1 1
github.com/ElectricCookie/go-waechter/db-mongo.go:41.16,43.3 1 10
github.com/ElectricCookie/go-waechter/db-mongo.go:50.80,58.16 3 24
github.com/ElectricCookie/go-waechter/db-mongo.go:62.2,62.19 1 13
github.com/ElectricCookie/go-waechter/db-mongo.go:58.16,60.3 1 11
github.com/ElectricCookie/go-waechter/db-mongo.go:66.68,71.16 3 7
github.com/ElectricCookie/go-waechter/db-mongo.go:75.2,75.19 1 7
github.com/ElectricCookie/go-waechter/db-mongo.go:71.16,73.3 1 0
github.com/ElectricCookie/go-waechter/db-mongo.go:79.84,84.16 3 4
github.com/ElectricCookie/go-waechter/db-mongo.go:88.2,88.19 1 3
github.com/ElectricCookie/go-waechter/db-mongo.go:84.16,86.3 1 1
github.com/ElectricCookie/go-waechter/db-mongo.go:92.59,94.2 1 10
github.com/ElectricCookie/go-waechter/db-mongo.go:97.63,107.2 1 4
github.com/ElectricCookie/go-waechter/db-mongo.go:110.76,112.2 1 1
github.com/ElectricCookie/go-waechter/db-mongo.go:115.101,124.16 3 1
github.com/ElectricCookie/go-waechter/db-mongo.go:128.2,128.20 1 1
github.com/ElectricCookie/go-waechter/db-mongo.go:124.16,126.3 1 0
github.com/ElectricCookie/go-waechter/user-tokens.go:10.100,20.16 3 1
github.com/ElectricCookie/go-waechter/user-tokens.go:29.2,45.16 5 1
github.com/ElectricCookie/go-waechter/user-tokens.go:49.2,49.24 1 1
github.com/ElectricCookie/go-waechter/user-tokens.go:20.16,26.3 1 0
github.com/ElectricCookie/go-waechter/user-tokens.go:45.16,47.3 1 0
github.com/ElectricCookie/go-waechter/user-tokens.go:54.91,57.102 2 1
github.com/ElectricCookie/go-waechter/user-tokens.go:61.2,64.23 3 1
github.com/ElectricCookie/go-waechter/user-tokens.go:68.2,70.20 2 1
github.com/ElectricCookie/go-waechter/user-tokens.go:76.2,80.26 3 1
github.com/ElectricCookie/go-waechter/user-tokens.go:84.2,84.21 1 1
github.com/ElectricCookie/go-waechter/user-tokens.go:57.102,59.3 1 1
github.com/ElectricCookie/go-waechter/user-tokens.go:64.23,66.3 1 0
github.com/ElectricCookie/go-waechter/user-tokens.go:70.20,72.3 1 0
github.com/ElectricCookie/go-waechter/user-tokens.go:80.26,82.3 1 0
github.com/ElectricCookie/go-waechter/user-tokens.go:89.90,92.16 2 0
github.com/ElectricCookie/go-waechter/user-tokens.go:100.2,107.16 2 0
github.com/ElectricCookie/go-waechter/user-tokens.go:111.2,111.21 1 0
github.com/ElectricCookie/go-waechter/user-tokens.go:92.16,98.3 1 0
github.com/ElectricCookie/go-waechter/user-tokens.go:107.16,109.3 1 0
github.com/ElectricCookie/go-waechter/bindata.go:27.60,29.16 2 48
github.com/ElectricCookie/go-waechter/bindata.go:33.2,37.16 4 48
github.com/ElectricCookie/go-waechter/bindata.go:40.2,40.18 1 48
github.com/ElectricCookie/go-waechter/bindata.go:44.2,44.25 1 48
github.com/ElectricCookie/go-waechter/bindata.go:29.16,31.3 1 0
github.com/ElectricCookie/go-waechter/bindata.go:37.16,39.3 1 0
github.com/ElectricCookie/go-waechter/bindata.go:40.18,42.3 1 0
github.com/ElectricCookie/go-waechter/bindata.go:59.41,61.2 1 0
github.com/ElectricCookie/go-waechter/bindata.go:62.40,64.2 1 0
github.com/ElectricCookie/go-waechter/bindata.go:65.46,67.2 1 0
github.com/ElectricCookie/go-waechter/bindata.go:68.47,70.2 1 0
github.com/ElectricCookie/go-waechter/bindata.go:71.40,73.2 1 0
github.com/ElectricCookie/go-waechter/bindata.go:74.45,76.2 1 0
github.com/ElectricCookie/go-waechter/bindata.go:80.52,85.2 1 12
github.com/ElectricCookie/go-waechter/bindata.go:87.47,89.16 2 12
github.com/ElectricCookie/go-waechter/bindata.go:93.2,95.15 3 12
github.com/ElectricCookie/go-waechter/bindata.go:89.16,91.3 1 0
github.com/ElectricCookie/go-waechter/bindata.go:100.52,105.2 1 12
github.com/ElectricCookie/go-waechter/bindata.go:107.47,109.16 2 12
github.com/ElectricCookie/go-waechter/bindata.go:113.2,115.15 3 12
github.com/ElectricCookie/go-waechter/bindata.go:109.16,111.3 1 0
github.com/ElectricCookie/go-waechter/bindata.go:120.50,125.2 1 24
github.com/ElectricCookie/go-waechter/bindata.go:127.45,129.16 2 24
github.com/ElectricCookie/go-waechter/bindata.go:133.2,135.15 3 24
github.com/ElectricCookie/go-waechter/bindata.go:129.16,131.3 1 0
github.com/ElectricCookie/go-waechter/bindata.go:140.59,145.2 1 0
github.com/ElectricCookie/go-waechter/bindata.go:147.54,149.16 2 0
github.com/ElectricCookie/go-waechter/bindata.go:153.2,155.15 3 0
github.com/ElectricCookie/go-waechter/bindata.go:149.16,151.3 1 0
github.com/ElectricCookie/go-waechter/bindata.go:160.59,165.2 1 0
github.com/ElectricCookie/go-waechter/bindata.go:167.54,169.16 2 0
github.com/ElectricCookie/go-waechter/bindata.go:173.2,175.15 3 0
github.com/ElectricCookie/go-waechter/bindata.go:169.16,171.3 1 0
github.com/ElectricCookie/go-waechter/bindata.go:180.57,185.2 1 0
github.com/ElectricCookie/go-waechter/bindata.go:187.52,189.16 2 0
github.com/ElectricCookie/go-waechter/bindata.go:193.2,195.15 3 0
github.com/ElectricCookie/go-waechter/bindata.go:189.16,191.3 1 0
github.com/ElectricCookie/go-waechter/bindata.go:200.58,205.2 1 0
github.com/ElectricCookie/go-waechter/bindata.go:207.53,209.16 2 0
github.com/ElectricCookie/go-waechter/bindata.go:213.2,215.15 3 0
github.com/ElectricCookie/go-waechter/bindata.go:209.16,211.3 1 0
github.com/ElectricCookie/go-waechter/bindata.go:220.60,225.2 1 0
github.com/ElectricCookie/go-waechter/bindata.go:227.55,229.16 2 0
github.com/ElectricCookie/go-waechter/bindata.go:233.2,235.15 3 0
github.com/ElectricCookie/go-waechter/bindata.go:229.16,231.3 1 0
github.com/ElectricCookie/go-waechter/bindata.go:241.41,243.43 2 48
github.com/ElectricCookie/go-waechter/bindata.go:250.2,250.52 1 0
github.com/ElectricCookie/go-waechter/bindata.go:243.43,245.17 2 48
github.com/ElectricCookie/go-waechter/bindata.go:248.3,248.22 1 48
github.com/ElectricCookie/go-waechter/bindata.go:245.17,247.4 1 0
github.com/ElectricCookie/go-waechter/bindata.go:255.36,257.16 2 0
github.com/ElectricCookie/go-waechter/bindata.go:261.2,261.10 1 0
github.com/ElectricCookie/go-waechter/bindata.go:257.16,258.54 1 0
github.com/ElectricCookie/go-waechter/bindata.go:267.50,269.43 2 0
github.com/ElectricCookie/go-waechter/bindata.go:276.2,276.56 1 0
github.com/ElectricCookie/go-waechter/bindata.go:269.43,271.17 2 0
github.com/ElectricCookie/go-waechter/bindata.go:274.3,274.21 1 0
github.com/ElectricCookie/go-waechter/bindata.go:271.17,273.4 1 0
github.com/ElectricCookie/go-waechter/bindata.go:280.28,282.29 2 0
github.com/ElectricCookie/go-waechter/bindata.go:285.2,285.14 1 0
github.com/ElectricCookie/go-waechter/bindata.go:282.29,284.3 1 0
github.com/ElectricCookie/go-waechter/bindata.go:313.46,315.20 2 0
github.com/ElectricCookie/go-waechter/bindata.go:325.2,325.22 1 0
github.com/ElectricCookie/go-waechter/bindata.go:328.2,329.39 2 0
github.com/ElectricCookie/go-waechter/bindata.go:332.2,332.16 1 0
github.com/ElectricCookie/go-waechter/bindata.go:315.20,318.30 3 0
github.com/ElectricCookie/go-waechter/bindata.go:318.30,320.19 2 0
github.com/ElectricCookie/go-waechter/bindata.go:320.19,322.5 1 0
github.com/ElectricCookie/go-waechter/bindata.go:325.22,327.3 1 0
github.com/ElectricCookie/go-waechter/bindata.go:329.39,331.3 1 0
github.com/ElectricCookie/go-waechter/bindata.go:353.43,355.16 2 0
github.com/ElectricCookie/go-waechter/bindata.go:358.2,359.16 2 0
github.com/ElectricCookie/go-waechter/bindata.go:362.2,363.16 2 0
github.com/ElectricCookie/go-waechter/bindata.go:366.2,367.16 2 0
github.com/ElectricCookie/go-waechter/bindata.go:370.2,371.16 2 0
github.com/ElectricCookie/go-waechter/bindata.go:374.2,374.12 1 0
github.com/ElectricCookie/go-waechter/bindata.go:355.16,357.3 1 0
github.com/ElectricCookie/go-waechter/bindata.go:359.16,361.3 1 0
github.com/ElectricCookie/go-waechter/bindata.go:363.16,365.3 1 0
github.com/ElectricCookie/go-waechter/bindata.go:367.16,369.3 1 0
github.com/ElectricCookie/go-waechter/bindata.go:371.16,373.3 1 0
github.com/ElectricCookie/go-waechter/bindata.go:378.44,381.16 2 0
github.com/ElectricCookie/go-waechter/bindata.go:385.2,385.33 1 0
github.com/ElectricCookie/go-waechter/bindata.go:391.2,391.12 1 0
github.com/ElectricCookie/go-waechter/bindata.go:381.16,383.3 1 0
github.com/ElectricCookie/go-waechter/bindata.go:385.33,387.17 2 0
github.com/ElectricCookie/go-waechter/bindata.go:387.17,389.4 1 0
github.com/ElectricCookie/go-waechter/bindata.go:394.41,397.2 2 0
github.com/ElectricCookie/go-waechter/locales-default.go:25.78,27.36 2 10
github.com/ElectricCookie/go-waechter/locales-default.go:35.2,35.56 1 0
github.com/ElectricCookie/go-waechter/locales-default.go:27.36,28.29 1 20
github.com/ElectricCookie/go-waechter/locales-default.go:28.29,30.4 1 10
github.com/ElectricCookie/go-waechter/locales-default.go:39.70,43.28 2 30
github.com/ElectricCookie/go-waechter/locales-default.go:52.2,52.16 1 30
github.com/ElectricCookie/go-waechter/locales-default.go:43.28,44.18 1 60
github.com/ElectricCookie/go-waechter/locales-default.go:44.18,45.34 1 40
github.com/ElectricCookie/go-waechter/locales-default.go:45.34,47.5 1 160
github.com/ElectricCookie/go-waechter/locales-default.go:55.126,72.2 5 30
github.com/ElectricCookie/go-waechter/locales-default.go:75.125,88.2 2 10
github.com/ElectricCookie/go-waechter/locales-default.go:116.55,118.29 2 24
github.com/ElectricCookie/go-waechter/locales-default.go:128.2,128.72 1 24
github.com/ElectricCookie/go-waechter/locales-default.go:118.29,119.43 1 48
github.com/ElectricCookie/go-waechter/locales-default.go:119.43,121.14 2 0
github.com/ElectricCookie/go-waechter/locales-default.go:122.4,125.4 1 48
github.com/ElectricCookie/go-waechter/locales-default.go:132.54,136.2 1 72
github.com/ElectricCookie/go-waechter/locales-default.go:139.41,160.2 1 12
github.com/ElectricCookie/go-waechter/user-login.go:15.111,20.16 2 4
github.com/ElectricCookie/go-waechter/user-login.go:30.2,32.37 2 3
github.com/ElectricCookie/go-waechter/user-login.go:42.2,42.24 1 2
github.com/ElectricCookie/go-waechter/user-login.go:52.2,54.27 2 1
github.com/ElectricCookie/go-waechter/user-login.go:72.2,74.23 2 1
github.com/ElectricCookie/go-waechter/user-login.go:78.2,78.19 1 1
github.com/ElectricCookie/go-waechter/user-login.go:20.16,26.3 1 1
github.com/ElectricCookie/go-waechter/user-login.go:32.37,40.3 1 1
github.com/ElectricCookie/go-waechter/user-login.go:42.24,48.3 1 1
github.com/ElectricCookie/go-waechter/user-login.go:54.27,56.48 1 0
github.com/ElectricCookie/go-waechter/user-login.go:56.48,58.4 1 0
github.com/ElectricCookie/go-waechter/user-login.go:58.4,60.4 1 0
github.com/ElectricCookie/go-waechter/user-login.go:62.3,64.45 1 1
github.com/ElectricCookie/go-waechter/user-login.go:64.45,66.4 1 1
github.com/ElectricCookie/go-waechter/user-login.go:66.4,68.4 1 0
github.com/ElectricCookie/go-waechter/user-login.go:74.23,76.3 1 0
github.com/ElectricCookie/go-waechter/user-activate-account.go:4.76,10.76 3 5
github.com/ElectricCookie/go-waechter/user-activate-account.go:14.2,14.23 1 5
github.com/ElectricCookie/go-waechter/user-activate-account.go:20.2,23.41 2 5
github.com/ElectricCookie/go-waechter/user-activate-account.go:37.2,37.12 1 4
github.com/ElectricCookie/go-waechter/user-activate-account.go:10.76,12.3 1 0
github.com/ElectricCookie/go-waechter/user-activate-account.go:14.23,16.3 1 0
github.com/ElectricCookie/go-waechter/user-activate-account.go:23.41,25.67 1 4
github.com/ElectricCookie/go-waechter/user-activate-account.go:25.67,27.4 1 0
github.com/ElectricCookie/go-waechter/user-activate-account.go:29.3,35.3 1 1
github.com/ElectricCookie/go-waechter/waechter-error.go:11.39,18.2 1 0
github.com/ElectricCookie/go-waechter/waechter-error.go:20.46,27.2 1 0
github.com/ElectricCookie/go-waechter/waechter-error.go:29.40,36.2 1 0
github.com/ElectricCookie/go-waechter/waechter-error.go:38.46,45.2 1 2
github.com/ElectricCookie/go-waechter/waechter-error.go:47.39,54.2 1 0
github.com/ElectricCookie/go-waechter/waechter-error.go:56.41,63.2 1 0
github.com/ElectricCookie/go-waechter/email-smtp.go:8.86,15.2 1 0
github.com/ElectricCookie/go-waechter/email-smtp.go:26.65,41.47 7 0
github.com/ElectricCookie/go-waechter/email-smtp.go:45.2,45.12 1 0
github.com/ElectricCookie/go-waechter/email-smtp.go:41.47,43.3 1 0
github.com/ElectricCookie/go-waechter/email-tesst-adapter.go:15.46,22.2 2 12
github.com/ElectricCookie/go-waechter/email-tesst-adapter.go:25.64,30.16 3 10
github.com/ElectricCookie/go-waechter/email-tesst-adapter.go:35.2,36.16 2 10
github.com/ElectricCookie/go-waechter/email-tesst-adapter.go:41.2,41.12 1 10
github.com/ElectricCookie/go-waechter/email-tesst-adapter.go:30.16,33.3 2 0
github.com/ElectricCookie/go-waechter/email-tesst-adapter.go:36.16,39.3 2 0
